# JRE version: OpenJDK Runtime Environment (11.0.11+9) (build 11.0.11+9-Ubuntu-0ubuntu2.20.04)
# Java VM: OpenJDK 64-Bit Server VM (11.0.11+9-Ubuntu-0ubuntu2.20.04, mixed mode, sharing, tiered, compressed oops, g1 gc, linux-amd64)
Heap:
 garbage-first heap   total 264192K, used 29645K [0x00000000e0000000, 0x0000000100000000)
  region size 1024K, 12 young (12288K), 9 survivors (9216K)
 Metaspace       used 34983K, capacity 35952K, committed 36224K, reserved 286720K
  class space    used 4821K, capacity 5232K, committed 5248K, reserved 253952K
GC Heap History (8 events):
Event: 2.982 GC heap before
{Heap before GC invocations=0 (full 0):
 garbage-first heap   total 264192K, used 30408K [0x00000000e0000000, 0x0000000100000000)
  region size 1024K, 24 young (24576K), 0 survivors (0K)
 Metaspace       used 3920K, capacity 6588K, committed 6784K, reserved 262144K
  class space    used 513K, capacity 772K, committed 896K, reserved 253952K
}
Event: 3.001 GC heap after
{Heap after GC invocations=1 (full 0):
 garbage-first heap   total 264192K, used 9379K [0x00000000e0000000, 0x0000000100000000)
  region size 1024K, 3 young (3072K), 3 survivors (3072K)
 Metaspace       used 3920K, capacity 6588K, committed 6784K, reserved 262144K
  class space    used 513K, capacity 772K, committed 896K, reserved 253952K
}
Event: 30.260 GC heap before
{Heap before GC invocations=1 (full 0):
 garbage-first heap   total 264192K, used 155811K [0x00000000e0000000, 0x0000000100000000)
  region size 1024K, 148 young (151552K), 3 survivors (3072K)
 Metaspace       used 20626K, capacity 21127K, committed 21248K, reserved 272384K
  class space    used 3059K, capacity 3291K, committed 3328K, reserved 253952K
}
Event: 30.287 GC heap after
{Heap after GC invocations=2 (full 0):
 garbage-first heap   total 264192K, used 18505K [0x00000000e0000000, 0x0000000100000000)
  region size 1024K, 12 young (12288K), 12 survivors (12288K)
 Metaspace       used 20626K, capacity 21127K, committed 21248K, reserved 272384K
  class space    used 3059K, capacity 3291K, committed 3328K, reserved 253952K
}
Event: 40.747 GC heap before
{Heap before GC invocations=3 (full 0):
 garbage-first heap   total 264192K, used 87113K [0x00000000e0000000, 0x0000000100000000)
  region size 1024K, 77 young (78848K), 12 survivors (12288K)
 Metaspace       used 30460K, capacity 31247K, committed 31488K, reserved 282624K
  class space    used 4245K, capacity 4556K, committed 4608K, reserved 253952K
}
Event: 40.763 GC heap after
{Heap after GC invocations=4 (full 0):
 garbage-first heap   total 264192K, used 24895K [0x00000000e0000000, 0x0000000100000000)
  region size 1024K, 7 young (7168K), 7 survivors (7168K)
 Metaspace       used 30460K, capacity 31247K, committed 31488K, reserved 282624K
  class space    used 4245K, capacity 4556K, committed 4608K, reserved 253952K
}
Event: 42.715 GC heap before
{Heap before GC invocations=4 (full 0):
 garbage-first heap   total 264192K, used 77119K [0x00000000e0000000, 0x0000000100000000)
  region size 1024K, 59 young (60416K), 7 survivors (7168K)
 Metaspace       used 34801K, capacity 35718K, committed 35840K, reserved 284672K
  class space    used 4798K, capacity 5197K, committed 5248K, reserved 253952K
}
Event: 42.728 GC heap after
{Heap after GC invocations=5 (full 0):
 garbage-first heap   total 264192K, used 27597K [0x00000000e0000000, 0x0000000100000000)
  region size 1024K, 9 young (9216K), 9 survivors (9216K)
 Metaspace       used 34801K, capacity 35718K, committed 35840K, reserved 284672K
  class space    used 4798K, capacity 5197K, committed 5248K, reserved 253952K
}

