# JRE version: OpenJDK Runtime Environment (11.0.11+9) (build 11.0.11+9-Ubuntu-0ubuntu2.20.04)
# Java VM: OpenJDK 64-Bit Server VM (11.0.11+9-Ubuntu-0ubuntu2.20.04, mixed mode, sharing, tiered, compressed oops, g1 gc, linux-amd64)
Heap:
 garbage-first heap   total 264192K, used 162699K [0x00000000e0000000, 0x0000000100000000)
  region size 1024K, 140 young (143360K), 9 survivors (9216K)
 Metaspace       used 45934K, capacity 47281K, committed 47360K, reserved 294912K
  class space    used 6066K, capacity 6621K, committed 6656K, reserved 253952K
GC Heap History (8 events):
Event: 0.690 GC heap before
{Heap before GC invocations=0 (full 0):
 garbage-first heap   total 264192K, used 30408K [0x00000000e0000000, 0x0000000100000000)
  region size 1024K, 24 young (24576K), 0 survivors (0K)
 Metaspace       used 3946K, capacity 6588K, committed 6784K, reserved 262144K
  class space    used 513K, capacity 772K, committed 896K, reserved 253952K
}
Event: 0.707 GC heap after
{Heap after GC invocations=1 (full 0):
 garbage-first heap   total 264192K, used 8741K [0x00000000e0000000, 0x0000000100000000)
  region size 1024K, 3 young (3072K), 3 survivors (3072K)
 Metaspace       used 3946K, capacity 6588K, committed 6784K, reserved 262144K
  class space    used 513K, capacity 772K, committed 896K, reserved 253952K
}
Event: 6.794 GC heap before
{Heap before GC invocations=1 (full 0):
 garbage-first heap   total 264192K, used 157221K [0x00000000e0000000, 0x0000000100000000)
  region size 1024K, 150 young (153600K), 3 survivors (3072K)
 Metaspace       used 20519K, capacity 21015K, committed 21248K, reserved 272384K
  class space    used 3038K, capacity 3259K, committed 3328K, reserved 253952K
}
Event: 6.805 GC heap after
{Heap after GC invocations=2 (full 0):
 garbage-first heap   total 264192K, used 18398K [0x00000000e0000000, 0x0000000100000000)
  region size 1024K, 13 young (13312K), 13 survivors (13312K)
 Metaspace       used 20519K, capacity 21015K, committed 21248K, reserved 272384K
  class space    used 3038K, capacity 3259K, committed 3328K, reserved 253952K
}
Event: 10.429 GC heap before
{Heap before GC invocations=3 (full 0):
 garbage-first heap   total 264192K, used 123870K [0x00000000e0000000, 0x0000000100000000)
  region size 1024K, 113 young (115712K), 13 survivors (13312K)
 Metaspace       used 33126K, capacity 34052K, committed 34432K, reserved 284672K
  class space    used 4567K, capacity 4941K, committed 4992K, reserved 253952K
}
Event: 10.442 GC heap after
{Heap after GC invocations=4 (full 0):
 garbage-first heap   total 264192K, used 26911K [0x00000000e0000000, 0x0000000100000000)
  region size 1024K, 9 young (9216K), 9 survivors (9216K)
 Metaspace       used 33126K, capacity 34052K, committed 34432K, reserved 284672K
  class space    used 4567K, capacity 4941K, committed 4992K, reserved 253952K
}
Event: 10.687 GC heap before
{Heap before GC invocations=4 (full 0):
 garbage-first heap   total 264192K, used 45343K [0x00000000e0000000, 0x0000000100000000)
  region size 1024K, 28 young (28672K), 9 survivors (9216K)
 Metaspace       used 34733K, capacity 35700K, committed 35840K, reserved 284672K
  class space    used 4791K, capacity 5197K, committed 5248K, reserved 253952K
}
Event: 10.695 GC heap after
{Heap after GC invocations=5 (full 0):
 garbage-first heap   total 264192K, used 27531K [0x00000000e0000000, 0x0000000100000000)
  region size 1024K, 9 young (9216K), 9 survivors (9216K)
 Metaspace       used 34733K, capacity 35700K, committed 35840K, reserved 284672K
  class space    used 4791K, capacity 5197K, committed 5248K, reserved 253952K
}

